-------------------------------------------------------------------------------
Test set: com.twinzom.ppt.demo.DemoApplicationTests
-------------------------------------------------------------------------------
Tests run: 1, Failures: 0, Errors: 1, Skipped: 0, Time elapsed: 0.518 s <<< FAILURE! - in com.twinzom.ppt.demo.DemoApplicationTests
initializationError(com.twinzom.ppt.demo.DemoApplicationTests)  Time elapsed: 0.007 s  <<< ERROR!
java.lang.IllegalStateException: Unable to find a @SpringBootConfiguration, you need to use @ContextConfiguration or @SpringBootTest(classes=...) with your test

